2011-11-29 15:09:14,843::TraktForBoxee::INFO::Initialized Trakt for Boxee.
2011-11-29 15:09:14,843::BoxeeBoxPythonClient::DEBUG::Initialized Boxee Box Python Client.
2011-11-29 15:09:14,844::TraktClient::DEBUG::TraktClient logger initialized
2011-11-29 15:09:14,849::BoxeeBoxPythonClient::DEBUG::Creating call for Device.Connect.
2011-11-29 15:09:14,850::BoxeeBoxPythonClient::DEBUG::Call created with id: 100
2011-11-29 15:09:14,850::BoxeeBoxPythonClient::DEBUG::Call created: {'params': {'deviceid': '9001'}, 'jsonrpc': '2.0', 'method': 'Device.Connect', 'id': 100}
2011-11-29 15:09:14,850::BoxeeBoxPythonClient::DEBUG::Reading response...
2011-11-29 15:09:14,855::BoxeeBoxPythonClient::DEBUG::Decoding response...
2011-11-29 15:09:14,855::BoxeeBoxPythonClient::DEBUG::{"id":100,"jsonrpc":"2.0","result":{"success":true}}

2011-11-29 15:09:14,855::BoxeeBoxPythonClient::DEBUG::No error found in response.
2011-11-29 15:09:14,856::BoxeeBoxPythonClient::DEBUG::Response: {u'jsonrpc': u'2.0', u'id': 100, u'result': {u'success': True}}
2011-11-29 15:09:14,856::BoxeeBoxPythonClient::DEBUG::Creating call for System.GetInfoLabels.
2011-11-29 15:09:14,856::BoxeeBoxPythonClient::DEBUG::Call created with id: 101
2011-11-29 15:09:14,856::BoxeeBoxPythonClient::DEBUG::Call created: {'params': {'labels': ['System.BuildVersion', 'System.BuildDate']}, 'jsonrpc': '2.0', 'method': 'System.GetInfoLabels', 'id': 101}
2011-11-29 15:09:14,856::BoxeeBoxPythonClient::DEBUG::Reading response...
2011-11-29 15:09:14,949::BoxeeBoxPythonClient::DEBUG::Decoding response...
2011-11-29 15:09:14,949::BoxeeBoxPythonClient::DEBUG::{"id":101,"jsonrpc":"2.0","result":{"System.BuildDate":"Oct 24 2011","System.BuildVersion":"1.2.2.20482-64560cd"}}

2011-11-29 15:09:14,949::BoxeeBoxPythonClient::DEBUG::No error found in response.
2011-11-29 15:09:14,949::BoxeeBoxPythonClient::DEBUG::Response: {u'jsonrpc': u'2.0', u'id': 101, u'result': {u'System.BuildVersion': u'1.2.2.20482-64560cd', u'System.BuildDate': u'Oct 24 2011'}}
2011-11-29 15:09:14,957::BoxeeBoxPythonClient::DEBUG::Creating call for Device.Connect.
2011-11-29 15:09:14,957::BoxeeBoxPythonClient::DEBUG::Call created with id: 102
2011-11-29 15:09:14,957::BoxeeBoxPythonClient::DEBUG::Call created: {'params': {'deviceid': '9001'}, 'jsonrpc': '2.0', 'method': 'Device.Connect', 'id': 102}
2011-11-29 15:09:14,957::BoxeeBoxPythonClient::DEBUG::Reading response...
2011-11-29 15:09:14,966::BoxeeBoxPythonClient::DEBUG::Decoding response...
2011-11-29 15:09:14,966::BoxeeBoxPythonClient::DEBUG::{"id":102,"jsonrpc":"2.0","result":{"success":true}}

2011-11-29 15:09:14,966::BoxeeBoxPythonClient::DEBUG::No error found in response.
2011-11-29 15:09:14,966::BoxeeBoxPythonClient::DEBUG::Response: {u'jsonrpc': u'2.0', u'id': 102, u'result': {u'success': True}}
2011-11-29 15:09:14,966::BoxeeBoxPythonClient::DEBUG::Creating call for System.GetInfoLabels.
2011-11-29 15:09:14,966::BoxeeBoxPythonClient::DEBUG::Call created with id: 103
2011-11-29 15:09:14,966::BoxeeBoxPythonClient::DEBUG::Call created: {'params': {'labels': ['VideoPlayer.Title', 'VideoPlayer.Year', 'VideoPlayer.TVShowTitle', 'VideoPlayer.Season', 'VideoPlayer.Episode', 'VideoPlayer.Duration', 'Player.Filenameandpath']}, 'jsonrpc': '2.0', 'method': 'System.GetInfoLabels', 'id': 103}
2011-11-29 15:09:14,967::BoxeeBoxPythonClient::DEBUG::Reading response...
2011-11-29 15:09:15,147::BoxeeBoxPythonClient::DEBUG::Decoding response...
2011-11-29 15:09:15,147::BoxeeBoxPythonClient::DEBUG::{"id":103,"jsonrpc":"2.0","result":{"Player.Filenameandpath":"","VideoPlayer.Duration":"02:08:24","VideoPlayer.Episode":"","VideoPlayer.Season":"","VideoPlayer.TVShowTitle":"","VideoPlayer.Title":"Sherlock Holmes","VideoPlayer.Year":"2009"}}

2011-11-29 15:09:15,147::BoxeeBoxPythonClient::DEBUG::No error found in response.
2011-11-29 15:09:15,147::BoxeeBoxPythonClient::DEBUG::Response: {u'jsonrpc': u'2.0', u'id': 103, u'result': {u'VideoPlayer.Episode': u'', u'VideoPlayer.Year': u'2009', u'VideoPlayer.Duration': u'02:08:24', u'VideoPlayer.Season': u'', u'VideoPlayer.TVShowTitle': u'', u'VideoPlayer.Title': u'Sherlock Holmes', u'Player.Filenameandpath': u''}}
2011-11-29 15:09:15,151::BoxeeBoxPythonClient::DEBUG::Creating call for VideoPlayer.GetPercentage.
2011-11-29 15:09:15,151::BoxeeBoxPythonClient::DEBUG::Call created with id: 104
2011-11-29 15:09:15,152::BoxeeBoxPythonClient::DEBUG::Call created: {'jsonrpc': '2.0', 'method': 'VideoPlayer.GetPercentage', 'id': 104}
2011-11-29 15:09:15,152::BoxeeBoxPythonClient::DEBUG::Reading response...
2011-11-29 15:09:15,155::BoxeeBoxPythonClient::DEBUG::Decoding response...
2011-11-29 15:09:15,155::BoxeeBoxPythonClient::DEBUG::{"id":104,"jsonrpc":"2.0","result":94.75842242735931}

2011-11-29 15:09:15,155::BoxeeBoxPythonClient::DEBUG::No error found in response.
2011-11-29 15:09:15,156::BoxeeBoxPythonClient::DEBUG::Response: {u'jsonrpc': u'2.0', u'id': 104, u'result': 94.758422427359307}
2011-11-29 15:09:15,162::BoxeeBoxPythonClient::DEBUG::Creating call for Device.Connect.
2011-11-29 15:09:15,162::BoxeeBoxPythonClient::DEBUG::Call created with id: 105
2011-11-29 15:09:15,162::BoxeeBoxPythonClient::DEBUG::Call created: {'params': {'deviceid': '9001'}, 'jsonrpc': '2.0', 'method': 'Device.Connect', 'id': 105}
2011-11-29 15:09:15,163::BoxeeBoxPythonClient::DEBUG::Reading response...
2011-11-29 15:09:15,170::BoxeeBoxPythonClient::DEBUG::Decoding response...
2011-11-29 15:09:15,170::BoxeeBoxPythonClient::DEBUG::{"id":105,"jsonrpc":"2.0","result":{"success":true}}

2011-11-29 15:09:15,170::BoxeeBoxPythonClient::DEBUG::No error found in response.
2011-11-29 15:09:15,170::BoxeeBoxPythonClient::DEBUG::Response: {u'jsonrpc': u'2.0', u'id': 105, u'result': {u'success': True}}
2011-11-29 15:09:15,170::BoxeeBoxPythonClient::DEBUG::Creating call for System.GetInfoBooleans.
2011-11-29 15:09:15,170::BoxeeBoxPythonClient::DEBUG::Call created with id: 106
2011-11-29 15:09:15,170::BoxeeBoxPythonClient::DEBUG::Call created: {'params': {'booleans': ['System.IdleTime(300)', 'Player.Paused']}, 'jsonrpc': '2.0', 'method': 'System.GetInfoBooleans', 'id': 106}
2011-11-29 15:09:15,170::BoxeeBoxPythonClient::DEBUG::Reading response...
2011-11-29 15:09:15,707::BoxeeBoxPythonClient::DEBUG::Decoding response...
2011-11-29 15:09:15,707::BoxeeBoxPythonClient::DEBUG::{"id":106,"jsonrpc":"2.0","result":{"Player.Paused":true,"System.IdleTime(300)":true}}

2011-11-29 15:09:15,707::BoxeeBoxPythonClient::DEBUG::No error found in response.
2011-11-29 15:09:15,707::BoxeeBoxPythonClient::DEBUG::Response: {u'jsonrpc': u'2.0', u'id': 106, u'result': {u'Player.Paused': True, u'System.IdleTime(300)': True}}
2011-11-29 15:09:25,716::BoxeeBoxPythonClient::DEBUG::Creating call for Device.Connect.
2011-11-29 15:09:25,716::BoxeeBoxPythonClient::DEBUG::Call created with id: 107
2011-11-29 15:09:25,716::BoxeeBoxPythonClient::DEBUG::Call created: {'params': {'deviceid': '9001'}, 'jsonrpc': '2.0', 'method': 'Device.Connect', 'id': 107}
2011-11-29 15:09:25,716::BoxeeBoxPythonClient::DEBUG::Reading response...
2011-11-29 15:09:25,726::BoxeeBoxPythonClient::DEBUG::Decoding response...
2011-11-29 15:09:25,726::BoxeeBoxPythonClient::DEBUG::{"id":107,"jsonrpc":"2.0","result":{"success":true}}

2011-11-29 15:09:25,726::BoxeeBoxPythonClient::DEBUG::No error found in response.
2011-11-29 15:09:25,726::BoxeeBoxPythonClient::DEBUG::Response: {u'jsonrpc': u'2.0', u'id': 107, u'result': {u'success': True}}
2011-11-29 15:09:25,727::BoxeeBoxPythonClient::DEBUG::Creating call for System.GetInfoLabels.
2011-11-29 15:09:25,727::BoxeeBoxPythonClient::DEBUG::Call created with id: 108
2011-11-29 15:09:25,727::BoxeeBoxPythonClient::DEBUG::Call created: {'params': {'labels': ['VideoPlayer.Title', 'VideoPlayer.Year', 'VideoPlayer.TVShowTitle', 'VideoPlayer.Season', 'VideoPlayer.Episode', 'VideoPlayer.Duration', 'Player.Filenameandpath']}, 'jsonrpc': '2.0', 'method': 'System.GetInfoLabels', 'id': 108}
2011-11-29 15:09:25,727::BoxeeBoxPythonClient::DEBUG::Reading response...
2011-11-29 15:09:25,763::BoxeeBoxPythonClient::DEBUG::Decoding response...
2011-11-29 15:09:25,763::BoxeeBoxPythonClient::DEBUG::{"id":108,"jsonrpc":"2.0","result":{"Player.Filenameandpath":"","VideoPlayer.Duration":"02:08:24","VideoPlayer.Episode":"","VideoPlayer.Season":"","VideoPlayer.TVShowTitle":"","VideoPlayer.Title":"Sherlock Holmes","VideoPlayer.Year":"2009"}}

2011-11-29 15:09:25,763::BoxeeBoxPythonClient::DEBUG::No error found in response.
2011-11-29 15:09:25,763::BoxeeBoxPythonClient::DEBUG::Response: {u'jsonrpc': u'2.0', u'id': 108, u'result': {u'VideoPlayer.Episode': u'', u'VideoPlayer.Year': u'2009', u'VideoPlayer.Duration': u'02:08:24', u'VideoPlayer.Season': u'', u'VideoPlayer.TVShowTitle': u'', u'VideoPlayer.Title': u'Sherlock Holmes', u'Player.Filenameandpath': u''}}
2011-11-29 15:09:25,766::BoxeeBoxPythonClient::DEBUG::Creating call for VideoPlayer.GetPercentage.
2011-11-29 15:09:25,766::BoxeeBoxPythonClient::DEBUG::Call created with id: 109
2011-11-29 15:09:25,766::BoxeeBoxPythonClient::DEBUG::Call created: {'jsonrpc': '2.0', 'method': 'VideoPlayer.GetPercentage', 'id': 109}
2011-11-29 15:09:25,767::BoxeeBoxPythonClient::DEBUG::Reading response...
2011-11-29 15:09:25,773::BoxeeBoxPythonClient::DEBUG::Decoding response...
2011-11-29 15:09:25,773::BoxeeBoxPythonClient::DEBUG::{"id":109,"jsonrpc":"2.0","result":94.75842242735931}

2011-11-29 15:09:25,773::BoxeeBoxPythonClient::DEBUG::No error found in response.
2011-11-29 15:09:25,773::BoxeeBoxPythonClient::DEBUG::Response: {u'jsonrpc': u'2.0', u'id': 109, u'result': 94.758422427359307}
2011-11-29 15:09:25,781::BoxeeBoxPythonClient::DEBUG::Creating call for Device.Connect.
2011-11-29 15:09:25,781::BoxeeBoxPythonClient::DEBUG::Call created with id: 110
2011-11-29 15:09:25,781::BoxeeBoxPythonClient::DEBUG::Call created: {'params': {'deviceid': '9001'}, 'jsonrpc': '2.0', 'method': 'Device.Connect', 'id': 110}
2011-11-29 15:09:25,781::BoxeeBoxPythonClient::DEBUG::Reading response...
2011-11-29 15:09:25,797::BoxeeBoxPythonClient::DEBUG::Decoding response...
2011-11-29 15:09:25,797::BoxeeBoxPythonClient::DEBUG::{"id":110,"jsonrpc":"2.0","result":{"success":true}}

2011-11-29 15:09:25,797::BoxeeBoxPythonClient::DEBUG::No error found in response.
2011-11-29 15:09:25,797::BoxeeBoxPythonClient::DEBUG::Response: {u'jsonrpc': u'2.0', u'id': 110, u'result': {u'success': True}}
2011-11-29 15:09:25,797::BoxeeBoxPythonClient::DEBUG::Creating call for System.GetInfoBooleans.
2011-11-29 15:09:25,797::BoxeeBoxPythonClient::DEBUG::Call created with id: 111
2011-11-29 15:09:25,797::BoxeeBoxPythonClient::DEBUG::Call created: {'params': {'booleans': ['System.IdleTime(300)', 'Player.Paused']}, 'jsonrpc': '2.0', 'method': 'System.GetInfoBooleans', 'id': 111}
2011-11-29 15:09:25,797::BoxeeBoxPythonClient::DEBUG::Reading response...
2011-11-29 15:09:25,963::BoxeeBoxPythonClient::DEBUG::Decoding response...
2011-11-29 15:09:25,963::BoxeeBoxPythonClient::DEBUG::{"id":111,"jsonrpc":"2.0","result":{"Player.Paused":true,"System.IdleTime(300)":true}}

2011-11-29 15:09:25,963::BoxeeBoxPythonClient::DEBUG::No error found in response.
2011-11-29 15:09:25,963::BoxeeBoxPythonClient::DEBUG::Response: {u'jsonrpc': u'2.0', u'id': 111, u'result': {u'Player.Paused': True, u'System.IdleTime(300)': True}}
2011-11-29 15:09:35,969::BoxeeBoxPythonClient::DEBUG::Creating call for Device.Connect.
2011-11-29 15:09:35,969::BoxeeBoxPythonClient::DEBUG::Call created with id: 112
2011-11-29 15:09:35,969::BoxeeBoxPythonClient::DEBUG::Call created: {'params': {'deviceid': '9001'}, 'jsonrpc': '2.0', 'method': 'Device.Connect', 'id': 112}
2011-11-29 15:09:35,969::BoxeeBoxPythonClient::DEBUG::Reading response...
2011-11-29 15:09:35,982::BoxeeBoxPythonClient::DEBUG::Decoding response...
2011-11-29 15:09:35,982::BoxeeBoxPythonClient::DEBUG::{"id":112,"jsonrpc":"2.0","result":{"success":true}}

2011-11-29 15:09:35,982::BoxeeBoxPythonClient::DEBUG::No error found in response.
2011-11-29 15:09:35,982::BoxeeBoxPythonClient::DEBUG::Response: {u'jsonrpc': u'2.0', u'id': 112, u'result': {u'success': True}}
2011-11-29 15:09:35,982::BoxeeBoxPythonClient::DEBUG::Creating call for System.GetInfoLabels.
2011-11-29 15:09:35,982::BoxeeBoxPythonClient::DEBUG::Call created with id: 113
2011-11-29 15:09:35,983::BoxeeBoxPythonClient::DEBUG::Call created: {'params': {'labels': ['VideoPlayer.Title', 'VideoPlayer.Year', 'VideoPlayer.TVShowTitle', 'VideoPlayer.Season', 'VideoPlayer.Episode', 'VideoPlayer.Duration', 'Player.Filenameandpath']}, 'jsonrpc': '2.0', 'method': 'System.GetInfoLabels', 'id': 113}
2011-11-29 15:09:35,983::BoxeeBoxPythonClient::DEBUG::Reading response...
2011-11-29 15:09:36,163::BoxeeBoxPythonClient::DEBUG::Decoding response...
2011-11-29 15:09:36,164::BoxeeBoxPythonClient::DEBUG::{"id":113,"jsonrpc":"2.0","result":{"Player.Filenameandpath":"","VideoPlayer.Duration":"02:08:24","VideoPlayer.Episode":"","VideoPlayer.Season":"","VideoPlayer.TVShowTitle":"","VideoPlayer.Title":"Sherlock Holmes","VideoPlayer.Year":"2009"}}

2011-11-29 15:09:36,164::BoxeeBoxPythonClient::DEBUG::No error found in response.
2011-11-29 15:09:36,164::BoxeeBoxPythonClient::DEBUG::Response: {u'jsonrpc': u'2.0', u'id': 113, u'result': {u'VideoPlayer.Episode': u'', u'VideoPlayer.Year': u'2009', u'VideoPlayer.Duration': u'02:08:24', u'VideoPlayer.Season': u'', u'VideoPlayer.TVShowTitle': u'', u'VideoPlayer.Title': u'Sherlock Holmes', u'Player.Filenameandpath': u''}}
2011-11-29 15:09:36,167::BoxeeBoxPythonClient::DEBUG::Creating call for VideoPlayer.GetPercentage.
2011-11-29 15:09:36,167::BoxeeBoxPythonClient::DEBUG::Call created with id: 114
2011-11-29 15:09:36,167::BoxeeBoxPythonClient::DEBUG::Call created: {'jsonrpc': '2.0', 'method': 'VideoPlayer.GetPercentage', 'id': 114}
2011-11-29 15:09:36,168::BoxeeBoxPythonClient::DEBUG::Reading response...
2011-11-29 15:09:36,177::BoxeeBoxPythonClient::DEBUG::Decoding response...
2011-11-29 15:09:36,177::BoxeeBoxPythonClient::DEBUG::{"id":114,"jsonrpc":"2.0","result":94.75842242735931}

2011-11-29 15:09:36,178::BoxeeBoxPythonClient::DEBUG::No error found in response.
2011-11-29 15:09:36,178::BoxeeBoxPythonClient::DEBUG::Response: {u'jsonrpc': u'2.0', u'id': 114, u'result': 94.758422427359307}
2011-11-29 15:09:36,196::BoxeeBoxPythonClient::DEBUG::Creating call for Device.Connect.
2011-11-29 15:09:36,196::BoxeeBoxPythonClient::DEBUG::Call created with id: 115
2011-11-29 15:09:36,196::BoxeeBoxPythonClient::DEBUG::Call created: {'params': {'deviceid': '9001'}, 'jsonrpc': '2.0', 'method': 'Device.Connect', 'id': 115}
2011-11-29 15:09:36,196::BoxeeBoxPythonClient::DEBUG::Reading response...
2011-11-29 15:09:36,201::BoxeeBoxPythonClient::DEBUG::Decoding response...
2011-11-29 15:09:36,201::BoxeeBoxPythonClient::DEBUG::{"id":115,"jsonrpc":"2.0","result":{"success":true}}

2011-11-29 15:09:36,202::BoxeeBoxPythonClient::DEBUG::No error found in response.
2011-11-29 15:09:36,202::BoxeeBoxPythonClient::DEBUG::Response: {u'jsonrpc': u'2.0', u'id': 115, u'result': {u'success': True}}
2011-11-29 15:09:36,202::BoxeeBoxPythonClient::DEBUG::Creating call for System.GetInfoBooleans.
2011-11-29 15:09:36,202::BoxeeBoxPythonClient::DEBUG::Call created with id: 116
2011-11-29 15:09:36,202::BoxeeBoxPythonClient::DEBUG::Call created: {'params': {'booleans': ['System.IdleTime(300)', 'Player.Paused']}, 'jsonrpc': '2.0', 'method': 'System.GetInfoBooleans', 'id': 116}
2011-11-29 15:09:36,202::BoxeeBoxPythonClient::DEBUG::Reading response...
2011-11-29 15:09:36,365::BoxeeBoxPythonClient::DEBUG::Decoding response...
2011-11-29 15:09:36,366::BoxeeBoxPythonClient::DEBUG::{"id":116,"jsonrpc":"2.0","result":{"Player.Paused":true,"System.IdleTime(300)":true}}

2011-11-29 15:09:36,366::BoxeeBoxPythonClient::DEBUG::No error found in response.
2011-11-29 15:09:36,366::BoxeeBoxPythonClient::DEBUG::Response: {u'jsonrpc': u'2.0', u'id': 116, u'result': {u'Player.Paused': True, u'System.IdleTime(300)': True}}
